[2024-12-19T15:37:10.941645+01:00] LogWorkerDB.INFO: Se ha conectado correctamente a la BBDD [] []
[2024-12-19T15:37:11.016449+01:00] LogWorkerDB.INFO: Se ha realizado el SELECT Correctamente! [] []
[2024-12-19T15:38:25.187579+01:00] LogWorkerDB.INFO: Se ha conectado correctamente a la BBDD [] []
[2024-12-19T15:38:25.194905+01:00] LogWorkerDB.INFO: Se ha realizado el SELECT Correctamente! [] []
[2024-12-19T15:38:30.642639+01:00] LogWorkerDB.INFO: Se ha conectado correctamente a la BBDD [] []
[2024-12-19T15:38:30.647430+01:00] LogWorkerDB.INFO: Se ha realizado el SELECT Correctamente! [] []
[2024-12-19T15:57:23.128484+01:00] LogWorkerDB.INFO: Se ha conectado correctamente a la BBDD [] []
[2024-12-19T15:57:23.154931+01:00] LogWorkerDB.ERROR: Error al realizar la consulta (INSERT) en la BBDD [] []
[2024-12-19T15:57:53.232722+01:00] LogWorkerDB.INFO: Se ha conectado correctamente a la BBDD [] []
[2024-12-19T15:57:53.258526+01:00] LogWorkerDB.ERROR: Error al realizar la consulta (INSERT) en la BBDD [] []
[2024-12-19T15:58:19.677611+01:00] LogWorkerDB.INFO: Se ha conectado correctamente a la BBDD [] []
[2024-12-19T15:58:19.695523+01:00] LogWorkerDB.ERROR: Error al realizar la consulta (INSERT) en la BBDD [] []
[2024-12-19T16:00:55.250327+01:00] LogWorkerDB.INFO: Se ha conectado correctamente a la BBDD [] []
[2024-12-19T16:00:55.279200+01:00] LogWorkerDB.ERROR: Error al realizar la consulta (INSERT) en la BBDD [] []
[2024-12-19T16:01:49.744997+01:00] LogWorkerDB.INFO: Se ha conectado correctamente a la BBDD [] []
[2024-12-19T16:01:49.770586+01:00] LogWorkerDB.ERROR: Error al realizar la consulta (INSERT) en la BBDD [] []
[2024-12-19T16:02:25.851587+01:00] LogWorkerDB.INFO: Se ha conectado correctamente a la BBDD [] []
[2024-12-19T16:02:25.875980+01:00] LogWorkerDB.ERROR: Error al realizar la consulta (INSERT) en la BBDD [] []
[2024-12-19T16:04:08.117367+01:00] LogWorkerDB.INFO: Se ha conectado correctamente a la BBDD [] []
[2024-12-19T16:04:08.147732+01:00] LogWorkerDB.ERROR: Error al realizar la consulta (INSERT) en la BBDD [] []
[2024-12-19T16:05:30.038965+01:00] LogWorkerDB.INFO: Se ha conectado correctamente a la BBDD [] []
[2024-12-19T16:05:30.067334+01:00] LogWorkerDB.ERROR: Error al realizar la consulta (INSERT) en la BBDD [] []
[2024-12-19T16:07:33.838630+01:00] LogWorkerDB.INFO: Se ha conectado correctamente a la BBDD [] []
[2024-12-19T16:07:33.864013+01:00] LogWorkerDB.ERROR: Error al realizar la consulta (INSERT) en la BBDD [] []
[2024-12-19T16:07:44.420372+01:00] LogWorkerDB.INFO: Se ha conectado correctamente a la BBDD [] []
[2024-12-19T16:07:44.454557+01:00] LogWorkerDB.ERROR: Error al realizar la consulta (INSERT) en la BBDD [] []
[2024-12-19T16:08:01.168020+01:00] LogWorkerDB.INFO: Se ha conectado correctamente a la BBDD [] []
[2024-12-19T16:08:01.188968+01:00] LogWorkerDB.ERROR: Error al realizar la consulta (INSERT) en la BBDD [] []
[2024-12-19T16:08:19.002745+01:00] LogWorkerDB.INFO: Se ha conectado correctamente a la BBDD [] []
[2024-12-19T16:08:19.022000+01:00] LogWorkerDB.ERROR: Error al realizar la consulta (INSERT) en la BBDD [] []
[2024-12-19T16:10:02.103294+01:00] LogWorkerDB.INFO: Se ha conectado correctamente a la BBDD [] []
[2024-12-19T16:10:02.134178+01:00] LogWorkerDB.ERROR: Error al realizar la consulta (INSERT) en la BBDD [] []
[2024-12-19T16:10:06.355595+01:00] LogWorkerDB.INFO: Se ha conectado correctamente a la BBDD [] []
[2024-12-19T16:10:06.379179+01:00] LogWorkerDB.ERROR: Error al realizar la consulta (INSERT) en la BBDD [] []
[2024-12-19T16:11:29.131581+01:00] LogWorkerDB.INFO: Se ha conectado correctamente a la BBDD [] []
[2024-12-19T16:11:29.157797+01:00] LogWorkerDB.ERROR: Error al realizar la consulta (INSERT) en la BBDD [] []
[2024-12-19T16:11:35.708424+01:00] LogWorkerDB.INFO: Se ha conectado correctamente a la BBDD [] []
[2024-12-19T16:11:35.734818+01:00] LogWorkerDB.ERROR: Error al realizar la consulta (INSERT) en la BBDD [] []
[2024-12-19T16:13:05.808770+01:00] LogWorkerDB.INFO: Se ha conectado correctamente a la BBDD [] []
[2024-12-19T16:13:05.839528+01:00] LogWorkerDB.ERROR: Error al realizar la consulta (INSERT) en la BBDD [] []
[2024-12-19T16:14:53.768092+01:00] LogWorkerDB.INFO: Se ha conectado correctamente a la BBDD [] []
[2024-12-19T16:14:53.795781+01:00] LogWorkerDB.ERROR: Error al realizar la consulta (INSERT) en la BBDD [] []
[2024-12-19T16:17:25.973290+01:00] LogWorkerDB.INFO: Se ha conectado correctamente a la BBDD [] []
[2024-12-19T16:17:25.999973+01:00] LogWorkerDB.ERROR: Error al realizar la consulta (INSERT) en la BBDD [] []
[2024-12-19T16:17:58.784884+01:00] LogWorkerDB.INFO: Se ha conectado correctamente a la BBDD [] []
[2024-12-19T16:17:58.816538+01:00] LogWorkerDB.ERROR: Error al realizar la consulta (INSERT) en la BBDD [] []
[2024-12-19T16:18:01.500525+01:00] LogWorkerDB.INFO: Se ha conectado correctamente a la BBDD [] []
[2024-12-19T16:18:01.525417+01:00] LogWorkerDB.ERROR: Error al realizar la consulta (INSERT) en la BBDD [] []
[2024-12-19T16:18:18.824292+01:00] LogWorkerDB.INFO: Se ha conectado correctamente a la BBDD [] []
[2024-12-19T16:18:18.854722+01:00] LogWorkerDB.ERROR: Error al realizar la consulta (INSERT) en la BBDD [] []
[2024-12-19T16:20:20.477532+01:00] LogWorkerDB.INFO: Se ha conectado correctamente a la BBDD [] []
[2024-12-19T16:20:20.505111+01:00] LogWorkerDB.INFO: Se ha realizado el INSERT Correctamente! [] []
[2024-12-19T16:21:48.903179+01:00] LogWorkerDB.INFO: Se ha conectado correctamente a la BBDD [] []
[2024-12-19T16:21:48.933027+01:00] LogWorkerDB.INFO: Se ha realizado el INSERT Correctamente! [] []
[2025-01-08T17:43:00.666554+01:00] LogWorkerDB.INFO: Se ha conectado correctamente a la BBDD [] []
[2025-01-08T17:43:00.774611+01:00] LogWorkerDB.INFO: Se ha realizado el INSERT Correctamente! [] []
[2025-01-08T17:44:28.040426+01:00] LogWorkerDB.INFO: Se ha conectado correctamente a la BBDD [] []
[2025-01-08T17:44:28.075677+01:00] LogWorkerDB.INFO: Se ha realizado el INSERT Correctamente! [] [][2025-01-08T20:15:03.605525+01:00] LogWorkerDB.INFO: Se ha conectado correctamente a la BBDD [] []
[2025-01-08T20:16:07.782495+01:00] LogWorkerDB.INFO: Se ha conectado correctamente a la BBDD [] []
[2025-01-08T20:16:44.005146+01:00] LogWorkerDB.INFO: Se ha conectado correctamente a la BBDD [] []
[2025-01-08T20:18:31.063523+01:00] LogWorkerDB.INFO: Se ha conectado correctamente a la BBDD [] []
[2025-01-08T20:18:35.780416+01:00] LogWorkerDB.INFO: Se ha conectado correctamente a la BBDD [] []
[2025-01-08T20:18:59.517914+01:00] LogWorkerDB.INFO: Se ha conectado correctamente a la BBDD [] []
[2025-01-08T20:19:02.410185+01:00] LogWorkerDB.INFO: Se ha conectado correctamente a la BBDD [] []
[2025-01-08T20:19:21.030065+01:00] LogWorkerDB.INFO: Se ha conectado correctamente a la BBDD [] []
[2025-01-08T20:19:47.013123+01:00] LogWorkerDB.INFO: Se ha conectado correctamente a la BBDD [] []
[2025-01-10T17:55:24.590020+01:00] LogWorkerDB.INFO: Se ha conectado correctamente a la BBDD [] []
[2025-01-10T18:06:25.660150+01:00] LogWorkerDB.INFO: Se ha conectado correctamente a la BBDD [] []
[2025-01-10T18:06:25.920145+01:00] LogWorkerDB.INFO: Se ha realizado el INSERT Correctamente! [] []
[2025-01-10T18:09:51.701203+01:00] LogWorkerDB.INFO: Se ha conectado correctamente a la BBDD [] []
[2025-01-10T18:09:51.775992+01:00] LogWorkerDB.INFO: Se ha realizado el INSERT Correctamente! [] []
[2025-01-10T18:10:33.615767+01:00] LogWorkerDB.INFO: Se ha conectado correctamente a la BBDD [] []
[2025-01-10T18:10:33.729533+01:00] LogWorkerDB.INFO: Se ha realizado el INSERT Correctamente! [] []
[2025-01-10T18:18:41.111527+01:00] LogWorkerDB.INFO: Se ha conectado correctamente a la BBDD [] []
[2025-01-10T18:18:41.250617+01:00] LogWorkerDB.INFO: Se ha realizado el INSERT Correctamente! [] []
[2025-01-10T18:19:41.415480+01:00] LogWorkerDB.INFO: Se ha conectado correctamente a la BBDD [] []
[2025-01-10T18:19:41.490553+01:00] LogWorkerDB.INFO: Se ha realizado el INSERT Correctamente! [] []
[2025-01-10T18:56:23.444076+01:00] LogWorkerDB.INFO: Se ha conectado correctamente a la BBDD [] []
[2025-01-10T18:56:23.594718+01:00] LogWorkerDB.INFO: Se ha realizado el INSERT Correctamente! [] []
[2025-01-10T18:57:51.962543+01:00] LogWorkerDB.INFO: Se ha conectado correctamente a la BBDD [] []
[2025-01-10T18:57:52.042928+01:00] LogWorkerDB.INFO: Se ha realizado el INSERT Correctamente! [] []
[2025-01-10T19:01:49.202826+01:00] LogWorkerDB.INFO: Se ha conectado correctamente a la BBDD [] []
[2025-01-10T19:01:49.308805+01:00] LogWorkerDB.INFO: Se ha realizado el INSERT Correctamente! [] []
[2025-01-10T19:02:39.686031+01:00] LogWorkerDB.INFO: Se ha conectado correctamente a la BBDD [] []
[2025-01-10T19:02:39.764803+01:00] LogWorkerDB.INFO: Se ha realizado el INSERT Correctamente! [] []
[2025-01-10T19:04:28.635597+01:00] LogWorkerDB.INFO: Se ha conectado correctamente a la BBDD [] []
[2025-01-10T19:04:28.755091+01:00] LogWorkerDB.INFO: Se ha realizado el INSERT Correctamente! [] []
[2025-01-10T19:04:44.237887+01:00] LogWorkerDB.INFO: Se ha conectado correctamente a la BBDD [] []
[2025-01-10T19:04:44.338826+01:00] LogWorkerDB.INFO: Se ha realizado el INSERT Correctamente! [] []
[2025-01-10T19:09:45.198049+01:00] LogWorkerDB.INFO: Se ha conectado correctamente a la BBDD [] []
[2025-01-10T19:09:45.269530+01:00] LogWorkerDB.INFO: Se ha realizado el INSERT Correctamente! [] []
[2025-01-10T19:13:56.802845+01:00] LogWorkerDB.INFO: Se ha conectado correctamente a la BBDD [] []
[2025-01-10T19:13:56.874464+01:00] LogWorkerDB.INFO: Se ha realizado el INSERT Correctamente! [] []
[2025-01-10T19:14:06.266203+01:00] LogWorkerDB.INFO: Se ha conectado correctamente a la BBDD [] []
[2025-01-10T19:14:06.331151+01:00] LogWorkerDB.INFO: Se ha realizado el INSERT Correctamente! [] []
[2025-01-10T19:14:34.265528+01:00] LogWorkerDB.INFO: Se ha conectado correctamente a la BBDD [] []
[2025-01-10T19:14:34.341313+01:00] LogWorkerDB.INFO: Se ha realizado el INSERT Correctamente! [] []
[2025-01-10T19:14:38.852949+01:00] LogWorkerDB.INFO: Se ha conectado correctamente a la BBDD [] []
[2025-01-10T19:14:38.917325+01:00] LogWorkerDB.INFO: Se ha realizado el INSERT Correctamente! [] []
[2025-01-10T19:15:28.475416+01:00] LogWorkerDB.INFO: Se ha conectado correctamente a la BBDD [] []
[2025-01-10T19:15:28.540288+01:00] LogWorkerDB.INFO: Se ha realizado el INSERT Correctamente! [] []
[2025-01-10T19:17:08.471049+01:00] LogWorkerDB.INFO: Se ha conectado correctamente a la BBDD [] []
[2025-01-10T19:17:16.344025+01:00] LogWorkerDB.INFO: Se ha conectado correctamente a la BBDD [] []
[2025-01-10T19:17:16.414160+01:00] LogWorkerDB.INFO: Se ha realizado el INSERT Correctamente! [] []
[2025-01-10T19:19:09.251017+01:00] LogWorkerDB.INFO: Se ha conectado correctamente a la BBDD [] []
[2025-01-10T19:19:09.349099+01:00] LogWorkerDB.INFO: Se ha realizado el INSERT Correctamente! [] []
[2025-01-10T19:23:03.150240+01:00] LogWorkerDB.INFO: Se ha conectado correctamente a la BBDD [] []
[2025-01-10T19:23:03.263189+01:00] LogWorkerDB.INFO: Se ha realizado el INSERT Correctamente! [] []
[2025-01-10T19:24:59.597569+01:00] LogWorkerDB.INFO: Se ha conectado correctamente a la BBDD [] []
[2025-01-10T19:24:59.669730+01:00] LogWorkerDB.INFO: Se ha realizado el INSERT Correctamente! [] []
[2025-01-10T19:27:46.457987+01:00] LogWorkerDB.INFO: Se ha conectado correctamente a la BBDD [] []
[2025-01-10T19:27:52.774433+01:00] LogWorkerDB.INFO: Se ha conectado correctamente a la BBDD [] []
[2025-01-10T19:27:52.861920+01:00] LogWorkerDB.INFO: Se ha realizado el INSERT Correctamente! [] []
[2025-01-10T23:52:54.851461+01:00] LogWorkerDB.ERROR: Error al conectar a la BBDD [] []
[2025-01-10T23:53:57.902162+01:00] LogWorkerDB.ERROR: Error al conectar a la BBDD [] []
[2025-01-10T23:54:14.880819+01:00] LogWorkerDB.ERROR: Error al conectar a la BBDD [] []
[2025-01-10T23:54:17.478682+01:00] LogWorkerDB.ERROR: Error al conectar a la BBDD [] []
[2025-01-10T23:54:46.644469+01:00] LogWorkerDB.ERROR: Error al conectar a la BBDD [] []
[2025-01-10T23:55:12.946678+01:00] LogWorkerDB.ERROR: Error al conectar a la BBDD [] []
[2025-01-10T23:55:17.374277+01:00] LogWorkerDB.ERROR: Error al conectar a la BBDD [] []
[2025-01-10T23:55:23.996088+01:00] LogWorkerDB.ERROR: Error al conectar a la BBDD [] []
[2025-01-10T23:57:00.850943+01:00] LogWorkerDB.ERROR: Error al conectar a la BBDD [] []
[2025-01-10T23:58:46.471688+01:00] LogWorkerDB.ERROR: Error al conectar a la BBDD [] []
[2025-01-11T00:02:45.397687+01:00] LogWorkerDB.INFO: Se ha conectado correctamente a la BBDD [] []
[2025-01-11T00:02:45.535681+01:00] LogWorkerDB.INFO: Se ha realizado el INSERT Correctamente! [] []
[2025-01-11T00:31:21.224529+01:00] LogWorkerDB.INFO: Se ha conectado correctamente a la BBDD [] []
[2025-01-11T00:32:51.773256+01:00] LogWorkerDB.INFO: Se ha conectado correctamente a la BBDD [] []
[2025-01-11T00:40:22.220213+01:00] LogWorkerDB.INFO: Se ha conectado correctamente a la BBDD [] []
[2025-01-11T00:40:37.010890+01:00] LogWorkerDB.INFO: Se ha conectado correctamente a la BBDD [] []
[2025-01-11T00:40:37.998213+01:00] LogWorkerDB.INFO: Se ha conectado correctamente a la BBDD [] []
[2025-01-11T00:40:38.193482+01:00] LogWorkerDB.INFO: Se ha conectado correctamente a la BBDD [] []
[2025-01-11T00:40:38.439884+01:00] LogWorkerDB.INFO: Se ha conectado correctamente a la BBDD [] []
[2025-01-11T00:41:03.396346+01:00] LogWorkerDB.INFO: Se ha conectado correctamente a la BBDD [] []
[2025-01-11T00:44:38.193454+01:00] LogWorkerDB.INFO: Se ha conectado correctamente a la BBDD [] []
[2025-01-11T00:45:11.637310+01:00] LogWorkerDB.INFO: Se ha conectado correctamente a la BBDD [] []
[2025-01-11T00:45:14.593552+01:00] LogWorkerDB.INFO: Se ha conectado correctamente a la BBDD [] []
[2025-01-11T00:46:56.276058+01:00] LogWorkerDB.INFO: Se ha conectado correctamente a la BBDD [] []
[2025-01-11T00:47:13.422198+01:00] LogWorkerDB.INFO: Se ha conectado correctamente a la BBDD [] []
[2025-01-11T00:48:01.930413+01:00] LogWorkerDB.INFO: Se ha conectado correctamente a la BBDD [] []
[2025-01-11T00:48:26.571557+01:00] LogWorkerDB.INFO: Se ha conectado correctamente a la BBDD [] []
[2025-01-11T00:49:06.068067+01:00] LogWorkerDB.INFO: Se ha conectado correctamente a la BBDD [] []
[2025-01-11T00:49:06.120506+01:00] LogWorkerDB.ERROR: Error al realizar la consulta (INSERT) en la BBDD [] []
[2025-01-11T00:50:15.426042+01:00] LogWorkerDB.INFO: Se ha conectado correctamente a la BBDD [] []
[2025-01-11T00:50:24.843603+01:00] LogWorkerDB.INFO: Se ha conectado correctamente a la BBDD [] []
[2025-01-11T00:50:58.882318+01:00] LogWorkerDB.INFO: Se ha conectado correctamente a la BBDD [] []
[2025-01-11T00:52:40.410577+01:00] LogWorkerDB.INFO: Se ha conectado correctamente a la BBDD [] []
[2025-01-11T00:52:57.779926+01:00] LogWorkerDB.INFO: Se ha conectado correctamente a la BBDD [] []
[2025-01-11T00:53:13.036379+01:00] LogWorkerDB.INFO: Se ha conectado correctamente a la BBDD [] []
[2025-01-11T00:53:13.081938+01:00] LogWorkerDB.ERROR: Error al realizar la consulta (INSERT) en la BBDD [] []
[2025-01-11T00:54:20.995072+01:00] LogWorkerDB.INFO: Se ha conectado correctamente a la BBDD [] []
[2025-01-11T00:54:46.562525+01:00] LogWorkerDB.INFO: Se ha conectado correctamente a la BBDD [] []
[2025-01-11T00:57:23.654406+01:00] LogWorkerDB.INFO: Se ha conectado correctamente a la BBDD [] []
[2025-01-11T00:58:35.155721+01:00] LogWorkerDB.INFO: Se ha conectado correctamente a la BBDD [] []
[2025-01-11T00:58:47.429818+01:00] LogWorkerDB.INFO: Se ha conectado correctamente a la BBDD [] []
[2025-01-11T00:58:47.473977+01:00] LogWorkerDB.ERROR: Error al realizar la consulta (INSERT) en la BBDD [] []
[2025-01-11T01:01:53.152754+01:00] LogWorkerDB.INFO: Se ha conectado correctamente a la BBDD [] []
[2025-01-11T01:01:53.286803+01:00] LogWorkerDB.INFO: Se ha realizado el INSERT Correctamente! [] []
[2025-01-11T01:02:11.219649+01:00] LogWorkerDB.INFO: Se ha conectado correctamente a la BBDD [] []
[2025-01-11T01:02:11.347190+01:00] LogWorkerDB.INFO: Se ha realizado el INSERT Correctamente! [] []
[2025-01-11T01:02:29.170838+01:00] LogWorkerDB.INFO: Se ha conectado correctamente a la BBDD [] []
[2025-01-11T01:02:29.281319+01:00] LogWorkerDB.INFO: Se ha realizado el INSERT Correctamente! [] []
[2025-01-11T01:04:29.342252+01:00] LogWorkerDB.INFO: Se ha conectado correctamente a la BBDD [] []
[2025-01-11T01:04:29.396919+01:00] LogWorkerDB.ERROR: Error al realizar la consulta (INSERT) en la BBDD [] []
[2025-01-11T01:06:09.909329+01:00] LogWorkerDB.INFO: Se ha conectado correctamente a la BBDD [] []
[2025-01-11T01:06:09.957441+01:00] LogWorkerDB.ERROR: Error al realizar la consulta (INSERT) en la BBDD [] []
[2025-01-11T01:06:33.057010+01:00] LogWorkerDB.INFO: Se ha conectado correctamente a la BBDD [] []
[2025-01-11T01:06:33.106752+01:00] LogWorkerDB.ERROR: Error al realizar la consulta (INSERT) en la BBDD [] []
[2025-01-11T01:06:44.035732+01:00] LogWorkerDB.INFO: Se ha conectado correctamente a la BBDD [] []
[2025-01-11T01:06:44.093901+01:00] LogWorkerDB.ERROR: Error al realizar la consulta (INSERT) en la BBDD [] []
[2025-01-11T01:06:59.622159+01:00] LogWorkerDB.INFO: Se ha conectado correctamente a la BBDD [] []
[2025-01-11T01:06:59.675717+01:00] LogWorkerDB.ERROR: Error al realizar la consulta (INSERT) en la BBDD [] []
[2025-01-11T01:12:20.979407+01:00] LogWorkerDB.INFO: Se ha conectado correctamente a la BBDD [] []
[2025-01-11T01:12:21.031542+01:00] LogWorkerDB.ERROR: Error al realizar la consulta (INSERT) en la BBDD [] []
[2025-01-11T15:17:01.478672+01:00] LogWorkerDB.INFO: Se ha conectado correctamente a la BBDD [] []
[2025-01-11T15:17:08.435861+01:00] LogWorkerDB.ERROR: Error al realizar la consulta (INSERT) en la BBDD [] []
[2025-01-11T15:22:04.274598+01:00] LogWorkerDB.INFO: Se ha conectado correctamente a la BBDD [] []
[2025-01-11T15:22:04.326737+01:00] LogWorkerDB.ERROR: Error al realizar la consulta (INSERT) en la BBDD [] []
[2025-01-11T15:28:17.135719+01:00] LogWorkerDB.INFO: Se ha conectado correctamente a la BBDD [] []
[2025-01-11T15:28:17.184852+01:00] LogWorkerDB.ERROR: Error al realizar la consulta (INSERT) en la BBDD [] []
[2025-01-11T15:29:38.839491+01:00] LogWorkerDB.INFO: Se ha conectado correctamente a la BBDD [] []
[2025-01-11T15:29:38.886705+01:00] LogWorkerDB.ERROR: Error al realizar la consulta (INSERT) en la BBDD [] []
[2025-01-11T15:36:15.788623+01:00] LogWorkerDB.INFO: Se ha conectado correctamente a la BBDD [] []
[2025-01-11T15:39:18.508953+01:00] LogWorkerDB.INFO: Se ha conectado correctamente a la BBDD [] []
[2025-01-11T15:39:18.558854+01:00] LogWorkerDB.ERROR: Error al realizar la consulta (INSERT) en la BBDD [] []
[2025-01-11T15:40:26.269198+01:00] LogWorkerDB.INFO: Se ha conectado correctamente a la BBDD [] []
[2025-01-11T15:40:26.314769+01:00] LogWorkerDB.ERROR: Error al realizar la consulta (INSERT) en la BBDD [] []
[2025-01-11T15:47:27.522844+01:00] LogWorkerDB.INFO: Se ha conectado correctamente a la BBDD [] []
[2025-01-11T15:47:27.576021+01:00] LogWorkerDB.ERROR: Error al realizar la consulta (INSERT) en la BBDD [] []
[2025-01-11T15:49:20.840201+01:00] LogWorkerDB.INFO: Se ha conectado correctamente a la BBDD [] []
[2025-01-11T15:49:20.885193+01:00] LogWorkerDB.ERROR: Error al realizar la consulta (INSERT) en la BBDD [] []
[2025-01-11T15:50:11.383747+01:00] LogWorkerDB.INFO: Se ha conectado correctamente a la BBDD [] []
[2025-01-11T15:50:11.432303+01:00] LogWorkerDB.ERROR: Error al realizar la consulta (INSERT) en la BBDD [] []
[2025-01-11T15:51:39.082483+01:00] LogWorkerDB.INFO: Se ha conectado correctamente a la BBDD [] []
[2025-01-11T15:51:39.130468+01:00] LogWorkerDB.ERROR: Error al realizar la consulta (INSERT) en la BBDD [] []
[2025-01-11T16:26:37.656423+01:00] LogWorkerDB.INFO: Se ha conectado correctamente a la BBDD [] []
[2025-01-11T16:26:37.797150+01:00] LogWorkerDB.INFO: Se ha realizado el INSERT Correctamente! [] []
[2025-01-11T16:29:31.528381+01:00] LogWorkerDB.INFO: Se ha conectado correctamente a la BBDD [] []
[2025-01-11T16:29:31.652898+01:00] LogWorkerDB.INFO: Se ha realizado el INSERT Correctamente! [] []
[2025-01-11T16:33:00.160683+01:00] LogWorkerDB.INFO: Se ha conectado correctamente a la BBDD [] []
[2025-01-11T16:33:00.220127+01:00] LogWorkerDB.ERROR: Error al realizar la consulta (INSERT) en la BBDD [] []
[2025-01-11T16:58:41.702046+01:00] LogWorkerDB.INFO: Se ha conectado correctamente a la BBDD [] []
[2025-01-11T16:58:41.753753+01:00] LogWorkerDB.ERROR: Error al realizar la consulta (INSERT) en la BBDD [] []
[2025-01-11T16:59:02.959762+01:00] LogWorkerDB.INFO: Se ha conectado correctamente a la BBDD [] []
[2025-01-11T16:59:03.010237+01:00] LogWorkerDB.ERROR: Error al realizar la consulta (INSERT) en la BBDD [] []
[2025-01-11T16:59:38.108545+01:00] LogWorkerDB.INFO: Se ha conectado correctamente a la BBDD [] []
[2025-01-11T16:59:38.156566+01:00] LogWorkerDB.ERROR: Error al realizar la consulta (INSERT) en la BBDD: You have an error in your SQL syntax; check the manual that corresponds to your MySQL server version for the right syntax to use near '()*456789:CDEFGHIJSTUVWXYZcdefghijstuvwxyz??????????????????????????????????????' at line 7 [] []
[2025-01-11T17:08:04.817514+01:00] LogWorkerDB.INFO: Se ha conectado correctamente a la BBDD [] []
[2025-01-11T17:08:05.268781+01:00] LogWorkerDB.INFO: Se ha realizado el INSERT Correctamente! [] []
[2025-01-11T17:21:48.449150+01:00] LogWorkerDB.INFO: Se ha conectado correctamente a la BBDD [] []
[2025-01-11T17:21:48.789569+01:00] LogWorkerDB.INFO: Se ha realizado el INSERT Correctamente! [] []
[2025-01-11T17:23:19.079209+01:00] LogWorkerDB.INFO: Se ha conectado correctamente a la BBDD [] []
[2025-01-11T17:23:19.448490+01:00] LogWorkerDB.INFO: Se ha realizado el INSERT Correctamente! [] []
[2025-01-11T17:25:53.407928+01:00] LogWorkerDB.INFO: Se ha conectado correctamente a la BBDD [] []
[2025-01-11T17:25:53.910395+01:00] LogWorkerDB.INFO: Se ha realizado el INSERT Correctamente! [] []
[2025-01-11T17:28:29.081761+01:00] LogWorkerDB.INFO: Se ha conectado correctamente a la BBDD [] []
[2025-01-11T17:28:29.595181+01:00] LogWorkerDB.INFO: Se ha realizado el INSERT Correctamente! [] []
[2025-01-11T17:28:33.423464+01:00] LogWorkerDB.INFO: Se ha conectado correctamente a la BBDD [] []
[2025-01-11T17:28:33.550685+01:00] LogWorkerDB.INFO: Se ha realizado el INSERT Correctamente! [] []
[2025-01-11T17:29:00.457983+01:00] LogWorkerDB.INFO: Se ha conectado correctamente a la BBDD [] []
[2025-01-11T17:29:00.586262+01:00] LogWorkerDB.INFO: Se ha realizado el INSERT Correctamente! [] []
[2025-01-11T17:33:47.637548+01:00] LogWorkerDB.INFO: Se ha conectado correctamente a la BBDD [] []
[2025-01-11T17:33:47.756909+01:00] LogWorkerDB.INFO: Se ha realizado el INSERT Correctamente! [] []
[2025-01-11T17:33:53.798004+01:00] LogWorkerDB.INFO: Se ha conectado correctamente a la BBDD [] []
[2025-01-11T17:33:53.932554+01:00] LogWorkerDB.INFO: Se ha realizado el INSERT Correctamente! [] []
[2025-01-11T17:34:31.146151+01:00] LogWorkerDB.INFO: Se ha conectado correctamente a la BBDD [] []
[2025-01-11T17:34:31.312073+01:00] LogWorkerDB.INFO: Se ha realizado el INSERT Correctamente! [] []
[2025-01-11T17:34:52.410151+01:00] LogWorkerDB.INFO: Se ha conectado correctamente a la BBDD [] []
[2025-01-11T17:34:52.512901+01:00] LogWorkerDB.INFO: Se ha realizado el INSERT Correctamente! [] []
[2025-01-11T17:46:00.584151+01:00] LogWorkerDB.INFO: Se ha conectado correctamente a la BBDD [] []
[2025-01-11T17:46:00.711061+01:00] LogWorkerDB.INFO: Se ha realizado el INSERT Correctamente! [] []
[2025-01-11T17:47:16.764927+01:00] LogWorkerDB.INFO: Se ha conectado correctamente a la BBDD [] []
[2025-01-11T17:47:17.170249+01:00] LogWorkerDB.INFO: Se ha realizado el INSERT Correctamente! [] []
[2025-01-11T17:47:19.342305+01:00] LogWorkerDB.INFO: Se ha conectado correctamente a la BBDD [] []
[2025-01-11T17:47:19.459075+01:00] LogWorkerDB.INFO: Se ha realizado el INSERT Correctamente! [] []
[2025-01-11T17:47:31.137144+01:00] LogWorkerDB.INFO: Se ha conectado correctamente a la BBDD [] []
[2025-01-11T17:47:31.270559+01:00] LogWorkerDB.INFO: Se ha realizado el INSERT Correctamente! [] []
[2025-01-11T17:48:28.657045+01:00] LogWorkerDB.INFO: Se ha conectado correctamente a la BBDD [] []
[2025-01-11T17:48:28.795550+01:00] LogWorkerDB.INFO: Se ha realizado el INSERT Correctamente! [] []
[2025-01-11T17:53:14.675314+01:00] LogWorkerDB.INFO: Se ha conectado correctamente a la BBDD [] []
[2025-01-11T17:53:14.795307+01:00] LogWorkerDB.INFO: Se ha realizado el INSERT Correctamente! [] []
[2025-01-11T17:53:17.556260+01:00] LogWorkerDB.INFO: Se ha conectado correctamente a la BBDD [] []
[2025-01-11T17:53:17.652113+01:00] LogWorkerDB.INFO: Se ha realizado el INSERT Correctamente! [] []
[2025-01-11T17:53:49.749045+01:00] LogWorkerDB.INFO: Se ha conectado correctamente a la BBDD [] []
[2025-01-11T17:53:49.884194+01:00] LogWorkerDB.INFO: Se ha realizado el INSERT Correctamente! [] []
[2025-01-11T17:54:17.034389+01:00] LogWorkerDB.INFO: Se ha conectado correctamente a la BBDD [] []
[2025-01-11T17:54:17.106511+01:00] LogWorkerDB.ERROR: Error al realizar la consulta (INSERT) en la BBDD: Out of range value for column 'id' at row 1 [] []
[2025-01-11T17:54:22.926282+01:00] LogWorkerDB.INFO: Se ha conectado correctamente a la BBDD [] []
[2025-01-11T17:54:22.984083+01:00] LogWorkerDB.ERROR: Error al realizar la consulta (INSERT) en la BBDD: Out of range value for column 'id' at row 1 [] []
[2025-01-11T17:54:29.739248+01:00] LogWorkerDB.INFO: Se ha conectado correctamente a la BBDD [] []
[2025-01-11T17:54:29.791068+01:00] LogWorkerDB.ERROR: Error al realizar la consulta (INSERT) en la BBDD: Out of range value for column 'id' at row 1 [] []
[2025-01-11T17:54:36.031940+01:00] LogWorkerDB.INFO: Se ha conectado correctamente a la BBDD [] []
[2025-01-11T17:54:36.081821+01:00] LogWorkerDB.ERROR: Error al realizar la consulta (INSERT) en la BBDD: Out of range value for column 'id' at row 1 [] []
[2025-01-11T17:54:45.804901+01:00] LogWorkerDB.INFO: Se ha conectado correctamente a la BBDD [] []
[2025-01-11T17:54:45.856270+01:00] LogWorkerDB.ERROR: Error al realizar la consulta (INSERT) en la BBDD: Out of range value for column 'id' at row 1 [] []
[2025-01-11T17:55:05.238851+01:00] LogWorkerDB.INFO: Se ha conectado correctamente a la BBDD [] []
[2025-01-11T17:55:05.291502+01:00] LogWorkerDB.ERROR: Error al realizar la consulta (INSERT) en la BBDD: Out of range value for column 'id' at row 1 [] []
[2025-01-11T17:55:23.026651+01:00] LogWorkerDB.INFO: Se ha conectado correctamente a la BBDD [] []
[2025-01-11T17:55:23.086419+01:00] LogWorkerDB.ERROR: Error al realizar la consulta (INSERT) en la BBDD: Out of range value for column 'id' at row 1 [] []
[2025-01-11T17:55:50.239936+01:00] LogWorkerDB.INFO: Se ha conectado correctamente a la BBDD [] []
[2025-01-11T17:55:50.326560+01:00] LogWorkerDB.INFO: Se ha realizado el INSERT Correctamente! [] []
[2025-01-11T17:56:32.730945+01:00] LogWorkerDB.INFO: Se ha conectado correctamente a la BBDD [] []
[2025-01-11T17:56:32.851083+01:00] LogWorkerDB.INFO: Se ha realizado el INSERT Correctamente! [] []
[2025-01-11T17:57:15.221265+01:00] LogWorkerDB.INFO: Se ha conectado correctamente a la BBDD [] []
[2025-01-11T17:57:15.363484+01:00] LogWorkerDB.INFO: Se ha realizado el INSERT Correctamente! [] []
[2025-01-11T17:57:31.134866+01:00] LogWorkerDB.INFO: Se ha conectado correctamente a la BBDD [] []
[2025-01-11T17:57:31.242534+01:00] LogWorkerDB.INFO: Se ha realizado el INSERT Correctamente! [] []
[2025-01-11T17:59:42.456570+01:00] LogWorkerDB.INFO: Se ha conectado correctamente a la BBDD [] []
[2025-01-11T17:59:54.799521+01:00] LogWorkerDB.INFO: Se ha conectado correctamente a la BBDD [] []
[2025-01-11T18:00:04.618256+01:00] LogWorkerDB.INFO: Se ha conectado correctamente a la BBDD [] []
[2025-01-11T18:00:04.738494+01:00] LogWorkerDB.INFO: Se ha realizado el INSERT Correctamente! [] []
[2025-01-11T18:00:25.392514+01:00] LogWorkerDB.INFO: Se ha conectado correctamente a la BBDD [] []
[2025-01-11T18:00:25.617375+01:00] LogWorkerDB.INFO: Se ha realizado el INSERT Correctamente! [] []
[2025-01-11T18:01:06.657905+01:00] LogWorkerDB.INFO: Se ha conectado correctamente a la BBDD [] []
[2025-01-11T18:01:07.075924+01:00] LogWorkerDB.INFO: Se ha realizado el INSERT Correctamente! [] []
[2025-01-11T18:01:20.354367+01:00] LogWorkerDB.INFO: Se ha conectado correctamente a la BBDD [] []
[2025-01-11T18:01:20.585742+01:00] LogWorkerDB.INFO: Se ha realizado el INSERT Correctamente! [] []
[2025-01-11T18:01:23.725352+01:00] LogWorkerDB.INFO: Se ha conectado correctamente a la BBDD [] []
[2025-01-11T18:01:24.131331+01:00] LogWorkerDB.INFO: Se ha realizado el INSERT Correctamente! [] []
[2025-01-11T18:06:50.893962+01:00] LogWorkerDB.INFO: Se ha conectado correctamente a la BBDD [] []
[2025-01-11T18:06:50.990696+01:00] LogWorkerDB.INFO: Se ha realizado el INSERT Correctamente! [] []
[2025-01-11T18:07:17.405609+01:00] LogWorkerDB.INFO: Se ha conectado correctamente a la BBDD [] []
[2025-01-11T18:07:33.486545+01:00] LogWorkerDB.INFO: Se ha conectado correctamente a la BBDD [] []
[2025-01-11T18:08:09.157896+01:00] LogWorkerDB.INFO: Se ha conectado correctamente a la BBDD [] []
[2025-01-11T18:08:11.622925+01:00] LogWorkerDB.INFO: Se ha conectado correctamente a la BBDD [] []
[2025-01-11T18:08:53.664202+01:00] LogWorkerDB.INFO: Se ha conectado correctamente a la BBDD [] []
[2025-01-11T18:08:54.403760+01:00] LogWorkerDB.INFO: Se ha realizado el INSERT Correctamente! [] []
[2025-01-11T18:08:54.437702+01:00] LogWorkerDB.INFO: Se ha conectado correctamente a la BBDD [] []
[2025-01-11T18:08:54.543172+01:00] LogWorkerDB.INFO: Se ha realizado el INSERT Correctamente! [] []
[2025-01-11T18:09:03.352942+01:00] LogWorkerDB.INFO: Se ha conectado correctamente a la BBDD [] []
[2025-01-11T18:09:03.534631+01:00] LogWorkerDB.INFO: Se ha realizado el INSERT Correctamente! [] []
[2025-01-11T18:09:05.698586+01:00] LogWorkerDB.INFO: Se ha conectado correctamente a la BBDD [] []
[2025-01-11T18:09:05.957240+01:00] LogWorkerDB.INFO: Se ha realizado el INSERT Correctamente! [] []
[2025-01-11T18:09:17.098581+01:00] LogWorkerDB.INFO: Se ha conectado correctamente a la BBDD [] []
[2025-01-11T18:09:17.181420+01:00] LogWorkerDB.INFO: Se ha realizado el INSERT Correctamente! [] []
[2025-01-11T18:09:24.272006+01:00] LogWorkerDB.INFO: Se ha conectado correctamente a la BBDD [] []
[2025-01-11T18:09:24.576035+01:00] LogWorkerDB.INFO: Se ha realizado el INSERT Correctamente! [] []
[2025-01-11T18:09:51.188230+01:00] LogWorkerDB.INFO: Se ha conectado correctamente a la BBDD [] []
[2025-01-11T18:09:51.299135+01:00] LogWorkerDB.INFO: Se ha realizado el INSERT Correctamente! [] []
[2025-01-11T18:10:11.617224+01:00] LogWorkerDB.INFO: Se ha conectado correctamente a la BBDD [] []
[2025-01-11T18:10:11.750748+01:00] LogWorkerDB.INFO: Se ha realizado el INSERT Correctamente! [] []
[2025-01-11T18:10:23.360513+01:00] LogWorkerDB.INFO: Se ha conectado correctamente a la BBDD [] []
[2025-01-11T18:10:23.483480+01:00] LogWorkerDB.INFO: Se ha realizado el INSERT Correctamente! [] []
[2025-01-11T18:10:43.682594+01:00] LogWorkerDB.INFO: Se ha conectado correctamente a la BBDD [] []
[2025-01-11T18:10:43.801275+01:00] LogWorkerDB.INFO: Se ha realizado el INSERT Correctamente! [] []
[2025-01-11T18:10:53.698221+01:00] LogWorkerDB.INFO: Se ha conectado correctamente a la BBDD [] []
[2025-01-11T18:10:53.815042+01:00] LogWorkerDB.INFO: Se ha realizado el INSERT Correctamente! [] []
[2025-01-11T18:11:00.409400+01:00] LogWorkerDB.INFO: Se ha conectado correctamente a la BBDD [] []
[2025-01-11T18:11:00.496335+01:00] LogWorkerDB.INFO: Se ha realizado el INSERT Correctamente! [] []
[2025-01-11T18:11:42.495387+01:00] LogWorkerDB.INFO: Se ha conectado correctamente a la BBDD [] []
[2025-01-11T18:11:42.615786+01:00] LogWorkerDB.INFO: Se ha realizado el INSERT Correctamente! [] []
[2025-01-11T18:11:50.025333+01:00] LogWorkerDB.INFO: Se ha conectado correctamente a la BBDD [] []
[2025-01-11T18:11:50.149265+01:00] LogWorkerDB.INFO: Se ha realizado el INSERT Correctamente! [] []
[2025-01-11T18:12:06.327353+01:00] LogWorkerDB.INFO: Se ha conectado correctamente a la BBDD [] []
[2025-01-11T18:12:06.627910+01:00] LogWorkerDB.INFO: Se ha realizado el INSERT Correctamente! [] []
[2025-01-11T18:12:32.322159+01:00] LogWorkerDB.INFO: Se ha conectado correctamente a la BBDD [] []
[2025-01-11T18:12:32.628843+01:00] LogWorkerDB.INFO: Se ha realizado el INSERT Correctamente! [] []
[2025-01-11T18:12:57.202833+01:00] LogWorkerDB.INFO: Se ha conectado correctamente a la BBDD [] []
[2025-01-11T18:12:57.352053+01:00] LogWorkerDB.INFO: Se ha realizado el INSERT Correctamente! [] []
[2025-01-11T18:13:13.478854+01:00] LogWorkerDB.INFO: Se ha conectado correctamente a la BBDD [] []
[2025-01-11T18:13:13.616551+01:00] LogWorkerDB.INFO: Se ha realizado el INSERT Correctamente! [] []
[2025-01-11T18:13:20.791180+01:00] LogWorkerDB.INFO: Se ha conectado correctamente a la BBDD [] []
[2025-01-11T18:13:20.942525+01:00] LogWorkerDB.INFO: Se ha realizado el INSERT Correctamente! [] []
[2025-01-11T18:13:25.824053+01:00] LogWorkerDB.INFO: Se ha conectado correctamente a la BBDD [] []
[2025-01-11T18:13:25.997677+01:00] LogWorkerDB.INFO: Se ha realizado el INSERT Correctamente! [] []
[2025-01-11T18:13:32.727221+01:00] LogWorkerDB.INFO: Se ha conectado correctamente a la BBDD [] []
[2025-01-11T18:13:32.887224+01:00] LogWorkerDB.INFO: Se ha realizado el INSERT Correctamente! [] []
[2025-01-11T18:13:39.279773+01:00] LogWorkerDB.INFO: Se ha conectado correctamente a la BBDD [] []
[2025-01-11T18:13:39.444239+01:00] LogWorkerDB.INFO: Se ha realizado el INSERT Correctamente! [] []
[2025-01-11T18:14:03.863179+01:00] LogWorkerDB.INFO: Se ha conectado correctamente a la BBDD [] []
[2025-01-11T18:14:03.978065+01:00] LogWorkerDB.INFO: Se ha realizado el INSERT Correctamente! [] []
[2025-01-11T18:14:14.211252+01:00] LogWorkerDB.INFO: Se ha conectado correctamente a la BBDD [] []
[2025-01-11T18:14:14.311780+01:00] LogWorkerDB.INFO: Se ha realizado el INSERT Correctamente! [] []
[2025-01-11T18:14:19.796737+01:00] LogWorkerDB.INFO: Se ha conectado correctamente a la BBDD [] []
[2025-01-11T18:14:19.894319+01:00] LogWorkerDB.INFO: Se ha realizado el INSERT Correctamente! [] []
[2025-01-11T18:15:21.079047+01:00] LogWorkerDB.INFO: Se ha conectado correctamente a la BBDD [] []
[2025-01-11T18:15:21.325379+01:00] LogWorkerDB.INFO: Se ha realizado el INSERT Correctamente! [] []
[2025-01-11T18:18:21.908077+01:00] LogWorkerDB.INFO: Se ha conectado correctamente a la BBDD [] []
[2025-01-11T18:18:22.048549+01:00] LogWorkerDB.ERROR: Error al realizar la consulta (SELECT) en la BBDD [] []
[2025-01-11T18:21:27.474464+01:00] LogWorkerDB.INFO: Se ha conectado correctamente a la BBDD [] []
[2025-01-11T18:21:27.477714+01:00] LogWorkerDB.ERROR: Error al realizar la consulta (SELECT) en la BBDD [] []
[2025-01-11T18:21:28.382308+01:00] LogWorkerDB.INFO: Se ha conectado correctamente a la BBDD [] []
[2025-01-11T18:21:28.385775+01:00] LogWorkerDB.ERROR: Error al realizar la consulta (SELECT) en la BBDD [] []
[2025-01-11T18:21:28.734598+01:00] LogWorkerDB.INFO: Se ha conectado correctamente a la BBDD [] []
[2025-01-11T18:21:28.737025+01:00] LogWorkerDB.ERROR: Error al realizar la consulta (SELECT) en la BBDD [] []
[2025-01-11T18:25:16.447143+01:00] LogWorkerDB.INFO: Se ha conectado correctamente a la BBDD [] []
[2025-01-11T18:25:16.450572+01:00] LogWorkerDB.ERROR: Error al realizar la consulta (SELECT) en la BBDD [] []
[2025-01-11T18:25:17.867135+01:00] LogWorkerDB.INFO: Se ha conectado correctamente a la BBDD [] []
[2025-01-11T18:25:17.869266+01:00] LogWorkerDB.ERROR: Error al realizar la consulta (SELECT) en la BBDD [] []
[2025-01-11T18:26:20.022045+01:00] LogWorkerDB.INFO: Se ha conectado correctamente a la BBDD [] []
[2025-01-11T18:26:20.023936+01:00] LogWorkerDB.ERROR: Error al realizar la consulta (SELECT) en la BBDD [] []
[2025-01-11T18:26:22.400204+01:00] LogWorkerDB.INFO: Se ha conectado correctamente a la BBDD [] []
[2025-01-11T18:26:22.402013+01:00] LogWorkerDB.ERROR: Error al realizar la consulta (SELECT) en la BBDD [] []
[2025-01-11T18:27:39.997710+01:00] LogWorkerDB.INFO: Se ha conectado correctamente a la BBDD [] []
[2025-01-11T18:27:39.999890+01:00] LogWorkerDB.ERROR: Error al realizar la consulta (SELECT) en la BBDD [] []
[2025-01-11T18:27:41.026105+01:00] LogWorkerDB.INFO: Se ha conectado correctamente a la BBDD [] []
[2025-01-11T18:27:41.028352+01:00] LogWorkerDB.ERROR: Error al realizar la consulta (SELECT) en la BBDD [] []
[2025-01-11T18:27:43.026121+01:00] LogWorkerDB.INFO: Se ha conectado correctamente a la BBDD [] []
[2025-01-11T18:27:43.028419+01:00] LogWorkerDB.ERROR: Error al realizar la consulta (SELECT) en la BBDD [] []
[2025-01-11T18:27:55.911732+01:00] LogWorkerDB.INFO: Se ha conectado correctamente a la BBDD [] []
[2025-01-11T18:27:55.914026+01:00] LogWorkerDB.ERROR: Error al realizar la consulta (SELECT) en la BBDD [] []
[2025-01-11T18:28:45.702064+01:00] LogWorkerDB.INFO: Se ha conectado correctamente a la BBDD [] []
[2025-01-11T18:28:45.703887+01:00] LogWorkerDB.ERROR: Error al realizar la consulta (SELECT) en la BBDD [] []
